




     STARPAC output for Reach #  1



                                                                                                         STARPAC 2.08D (03/15/90)
+**********************************************************************************
 *  NONLINEAR LEAST SQUARES ESTIMATION WITH NUMERICALLY APPROXIMATED DERIVATIVES  *
 **********************************************************************************


 SUMMARY OF INITIAL CONDITIONS
 ------------------------------


                                                  STEP SIZE FOR    OBSERVATIONS FAILING STEP SIZE SELECTION CRITERIA
                                                  APPROXIMATING                     *
       PARAMETER STARTING VALUE      SCALE          DERIVATIVE       COUNT     NOTES     ROW NUMBER
 INDEX  FIXED      (PAR)            (SCALE)           (STP)                     F C

   1      NO    .22935549           DEFAULT       .27101972E-04         0          
   2      NO    .42199900           DEFAULT       .30773938E-05         0          
   3      NO    .24934632           DEFAULT       .18566811E-05        15       +  
+                                                                                          1    2    3    4    5    6    7
                                                                                           8    9   10   11   12   13   14
                                                                                          15
   4      NO    .26688100E-04       DEFAULT       .18565491E-05        12       +  
+                                                                                          1    2    3    4    5    6    7
                                                                                           8    9   10   11   12
   5     YES    .00000000             ---              ---              -
   6     YES    .00000000             ---              ---              -
   7     YES    .00000000             ---              ---              -
   8     YES    .00000000             ---              ---              -
   9     YES    .00000000             ---              ---              -
  10     YES    .00000000             ---              ---              -


 *  NOTES.  A PLUS (+) IN THE COLUMNS HEADED F OR C HAS THE FOLLOWING MEANING.

    F - NUMBER OF OBSERVATIONS FAILING STEP SIZE SELECTION CRITERIA EXCEEDS
        NUMBER OF EXEMPTIONS ALLOWED.

    C - HIGH CURVATURE IN THE MODEL IS SUSPECTED AS THE CAUSE OF
        ALL FAILURES NOTED.

 NUMBER OF RELIABLE DIGITS IN MODEL RESULTS                         (NETA)    12

 PROPORTION OF OBSERVATIONS EXEMPTED FROM SELECTION CRITERIA       (EXMPT)   .1000

 NUMBER OF OBSERVATIONS EXEMPTED FROM SELECTION CRITERIA                       7

 NUMBER OF OBSERVATIONS                                                (N)    76

 NUMBER OF NON ZERO WEIGHTED OBSERVATIONS                           (NNZW)    76

 NUMBER OF INDEPENDENT VARIABLES                                       (M)     1

 MAXIMUM NUMBER OF ITERATIONS ALLOWED                                (MIT)   100

 MAXIMUM NUMBER OF MODEL SUBROUTINE CALLS ALLOWED                            200

 CONVERGENCE CRITERION FOR TEST BASED ON THE

      FORECASTED RELATIVE CHANGE IN RESIDUAL SUM OF SQUARES       (STOPSS)   .1000E-04
      MAXIMUM SCALED RELATIVE CHANGE IN THE PARAMETERS             (STOPP)   .1000E-04


 MAXIMUM CHANGE ALLOWED IN THE PARAMETERS AT THE FIRST ITERATION   (DELTA)   1.000    

 RESIDUAL SUM OF SQUARES FOR INPUT PARAMETER VALUES                          7.869    

 RESIDUAL STANDARD DEVIATION FOR INPUT PARAMETER VALUES              (RSD)   .3306    
1
                                                                                                         STARPAC 2.08D (03/15/90)
+NONLINEAR LEAST SQUARES ESTIMATION WITH NUMERICALLY APPROXIMATED DERIVATIVES, CONTINUED


 ITERATION NUMBER    1
 ----------------------
     MODEL                                                     FORECASTED
     CALLS         RSD             RSS        REL CHNG RSS    REL CHNG RSS    REL CHNG PAR
                                                              VALUE   CHKD    VALUE   CHKD
         2       .3304           7.861           .9827E-03   .1248E-02   Y   .2711E-02   Y

      CURRENT PARAMETER VALUES (ONLY UNFIXED PARAMETERS ARE LISTED)
          INDEX    1              2              3              4
          VALUE   .2413012       .4242935       .2566174       .2550948E-04


 ITERATION NUMBER    2
 ----------------------
     MODEL                                                     FORECASTED
     CALLS         RSD             RSS        REL CHNG RSS    REL CHNG RSS    REL CHNG PAR
                                                              VALUE   CHKD    VALUE   CHKD
         3       .3304           7.861           .5502E-04   .2961E-03   Y   .8147E-03   Y

      CURRENT PARAMETER VALUES (ONLY UNFIXED PARAMETERS ARE LISTED)
          INDEX    1              2              3              4
          VALUE   .2403712       .4237360       .2491980       .2586843E-04


 ITERATION NUMBER    3
 ----------------------
     MODEL                                                     FORECASTED
     CALLS         RSD             RSS        REL CHNG RSS    REL CHNG RSS    REL CHNG PAR
                                                              VALUE   CHKD    VALUE   CHKD
         4       .3304           7.860           .1188E-03   .1170E-03   Y   .4937E-03   Y

      CURRENT PARAMETER VALUES (ONLY UNFIXED PARAMETERS ARE LISTED)
          INDEX    1              2              3              4
          VALUE   .2420356       .4241078       .2524803       .2565036E-04


 ITERATION NUMBER    4
 ----------------------
     MODEL                                                     FORECASTED
     CALLS         RSD             RSS        REL CHNG RSS    REL CHNG RSS    REL CHNG PAR
                                                              VALUE   CHKD    VALUE   CHKD
         5       .3304           7.860           .1866E-06   .1986E-06   Y   .1049E-04   Y

      CURRENT PARAMETER VALUES (ONLY UNFIXED PARAMETERS ARE LISTED)
          INDEX    1              2              3              4
          VALUE   .2421124       .4241097       .2525766       .2564804E-04

 ***** RESIDUAL SUM OF SQUARES CONVERGENCE *****
1
                                                                                                         STARPAC 2.08D (03/15/90)
+NONLINEAR LEAST SQUARES ESTIMATION WITH NUMERICALLY APPROXIMATED DERIVATIVES, CONTINUED


 RESULTS FROM LEAST SQUARES FIT
 -------------------------------

                                                     DEPENDENT       PREDICTED      STD DEV OF                         STD 
  ROW             PREDICTOR VALUES                    VARIABLE         VALUE        PRED VALUE        RESIDUAL         RES    WEIGHT
 
    1                 10.000000                      3.8300000       3.3982877       .35195793E-03   .43171229        1.31  .100E+01
    2                 10.166667                      3.6800000       3.3982877       .35192138E-03   .28171230         .85  .100E+01
    3                 10.333333                      3.6500000       3.3982876       .35174479E-03   .25171236         .76  .100E+01
    4                 10.500000                      3.6800000       3.3982871       .35070216E-03   .28171289         .85  .100E+01
    5                 10.666667                      3.6800000       3.3982840       .34590862E-03   .28171595         .85  .100E+01
    6                 10.833333                      3.6200000       3.3982707       .32947196E-03   .22172927         .67  .100E+01
    7                 11.000000                      3.6500000       3.3982259       .28830438E-03   .25177408         .76  .100E+01
    8                 11.166667                      3.6700000       3.3981103       .22398784E-03   .27188974         .82  .100E+01
    9                 11.333333                      3.6800000       3.3979007       .22518460E-03   .28209932         .85  .100E+01
   10                 11.500000                      3.6700000       3.3977542       .62163245E-03   .27224585         .82  .100E+01
   11                 11.666667                      3.6800000       3.3984339       .22576169E-02   .28156605         .85  .100E+01
   12                 11.833333                      3.6300000       3.4020699       .65389714E-02   .22793012         .69  .100E+01
   13                 12.000000                      3.6800000       3.4130978       .15127065E-01   .26690224         .81  .100E+01
   14                 12.166667                      3.6500000       3.4389268       .29174551E-01   .21107324         .64  .100E+01
   15                 12.333333                      3.7200000       3.4897605       .48403227E-01   .23023949         .70  .100E+01
   16                 12.500000                      3.7200000       3.5772345       .70607242E-01   .14276547         .44  .100E+01
   17                 12.666667                      3.8600000       3.7120510       .92023534E-01   .14794904         .47  .100E+01
   18                 12.833333                      3.9600000       3.9013157       .10854800       .58684346E-01     .19  .100E+01
   19                 13.000000                      4.0600000       4.1464822       .11729516      -.86482221E-01    -.28  .100E+01
   20                 13.166667                      4.3800000       4.4425672       .11781725      -.62567222E-01    -.20  .100E+01
   21                 13.333333                      4.7500000       4.7788446       .11244504      -.28844591E-01    -.09  .100E+01
   22                 13.500000                      5.2100000       5.1406975       .10542816       .69302486E-01     .22  .100E+01
   23                 13.666667                      5.6500000       5.5119868       .10076888       .13801323         .44  .100E+01
   24                 13.833333                      6.0100000       5.8773310       .99728226E-01   .13266905         .42  .100E+01
   25                 14.000000                      6.3400000       6.2238212       .10054147       .11617878         .37  .100E+01
   26                 14.166667                      6.6500000       6.5419421       .10070647       .10805794         .34  .100E+01
   27                 14.333333                      6.9100000       6.8257372       .98992421E-01   .84262797E-01     .27  .100E+01
   28                 14.500000                      7.0900000       7.0722961       .95823179E-01   .17703949E-01     .06  .100E+01
   29                 14.666667                      7.2600000       7.2806734       .92587807E-01  -.20673415E-01    -.07  .100E+01
   30                 14.833333                      7.3700000       7.4504497       .90495158E-01  -.80449690E-01    -.25  .100E+01
   31                 15.000000                      7.5200000       7.5802319       .89754272E-01  -.60231922E-01    -.19  .100E+01
   32                 15.166667                      7.6400000       7.6665865       .89936653E-01  -.26586508E-01    -.08  .100E+01
   33                 15.333333                      7.7000000       7.7039303       .91039381E-01  -.39302848E-02    -.01  .100E+01
   34                 15.550000                      7.7300000       7.6683213       .94705326E-01   .61678664E-01     .19  .100E+01
   35                 15.666667                      7.7600000       7.6058551       .97599851E-01   .15414493         .49  .100E+01
   36                 15.833333                      7.6700000       7.4621503       .10160566       .20784974         .66  .100E+01
   37                 16.000000                      7.4600000       7.2568459       .10407062       .20315411         .65  .100E+01
   38                 16.166667                      7.2100000       6.9977942       .10491291       .21220579         .68  .100E+01
   39                 16.333333                      6.8200000       6.6976280       .10589796       .12237202         .39  .100E+01
   40                 16.500000                      6.4100000       6.3720376       .10912238       .37962397E-01     .12  .100E+01
   41                 16.750000                      5.6100000       5.8719701       .11812013      -.26197014        -.85  .100E+01
   42                 17.000000                      5.4500000       5.4009976       .12554506       .49002400E-01     .16  .100E+01
   43                 17.250000                      5.0100000       4.9926900       .12540464       .17309971E-01     .06  .100E+01
   44                 17.500000                      4.8100000       4.6622621       .11868456       .14773793         .48  .100E+01
   45                 17.750000                      4.5600000       4.4097151       .11145461       .15028485         .48  .100E+01
   46                 18.000000                      4.4700000       4.2254400       .10946165       .24456004         .78  .100E+01
   47                 18.250000                      4.2600000       4.0956200       .11345842       .16438001         .53  .100E+01
   48                 18.500000                      4.2000000       4.0061632       .12000401       .19383683         .63  .100E+01
   49                 18.750000                      4.1200000       3.9449685       .12551835       .17503153         .57  .100E+01
   50                 19.500000                      4.0200000       3.8521093       .12497614       .16789067         .55  .100E+01
   51                 20.250000                      3.9600000       3.8138629       .10859960       .14613706         .47  .100E+01
   52                 21.000000                      3.9200000       3.7823335       .89492050E-01   .13766653         .43  .100E+01
   53                 21.750000                      3.8600000       3.7357032       .70171730E-01   .12429685         .38  .100E+01
   54                 22.500000                      3.8400000       3.6884248       .53950636E-01   .15157516         .47  .100E+01
   55                 23.250000                      3.8800000       3.6526983       .42527090E-01   .22730174         .69  .100E+01
   56                 24.000000                      3.8200000       3.6199582       .32662492E-01   .20004180         .61  .100E+01
   57                 24.750000                      3.9000000       3.5904719       .24375657E-01   .30952814         .94  .100E+01
   58                 25.500000                      4.1300000       3.5730244       .19478354E-01   .55697556        1.69  .100E+01
   59                 26.250000                      4.0700000       3.5656574       .18109789E-01   .50434258        1.53  .100E+01
   60                 27.000000                      4.1500000       3.5589581       .18162747E-01   .59104188        1.79  .100E+01
   61                 27.750000                      4.1100000       3.5613808       .19468450E-01   .54861922        1.66  .100E+01
   62                 28.500000                      4.1900000       3.5822719       .21179301E-01   .60772814        1.84  .100E+01
   63                 29.250000                      4.2300000       3.6125455       .22825317E-01   .61745451        1.87  .100E+01
   64                 30.000000                      4.2100000       3.6368641       .24412172E-01   .57313591        1.74  .100E+01
   65                 30.750000                      4.2100000       3.6489296       .25548816E-01   .56107042        1.70  .100E+01
   66                 31.500000                      4.2400000       3.6499535       .26004024E-01   .59004649        1.79  .100E+01
   67                 32.250000                      4.3500000       3.6485801       .26011581E-01   .70141992        2.13  .100E+01
   68                 33.000000                      4.3300000       3.6658841       .25612502E-01   .66411595        2.02  .100E+01
   69                 33.750000                      4.3300000       3.7210708       .23552871E-01   .60892920        1.85  .100E+01
   70                 34.500000                      4.3800000       3.7888936       .21190044E-01   .59110640        1.79  .100E+01
   71                 35.250000                      4.3200000       3.8204585       .21182682E-01   .49954149        1.52  .100E+01
   72                 36.000000                      4.3500000       3.8109172       .21897022E-01   .53908283        1.64  .100E+01
   73                 36.750000                      4.3200000       3.8008864       .20158763E-01   .51911358        1.57  .100E+01
   74                 37.500000                      4.2300000       3.8085509       .16028332E-01   .42144912        1.28  .100E+01
   75                 38.250000                      4.1900000       3.8242725       .13832505E-01   .36572747        1.11  .100E+01
   76                 39.000000                      4.1900000       3.8454013       .11514994E-01   .34459870        1.04  .100E+01
1
                                                                                                         STARPAC 2.08D (03/15/90)
+NONLINEAR LEAST SQUARES ESTIMATION WITH NUMERICALLY APPROXIMATED DERIVATIVES, CONTINUED

                     STD RES VS ROW NUMBER                                     STD RES VS PREDICTED VALUES 
  3.75++---------+---------+----+----+---------+---------++    3.75++---------+---------+----+----+---------+---------++
      -                                                   -        -                                                   -
      -                                                   -        -                                                   -
      -                                                   -        -                                                   -
      -                                                   -        -                                                   -
  2.25+                                                   +    2.25+                                                   +
      -                                            **     -        -   *                                               -
      -                                      ****** **    -        -  ****                                             -
      -                                       *       **  -        -  *  *                                             -
      -*                                                * -        -*    *                                             -
   .75+ ********                     *      *            *+     .75+* *  *    *                                        +
      -   *   * * *           ***   * *** ***             -        -** ******   *  *                          *  * * * -
      -          **  ****    *  * *      **               -        -  * * *             *  * *   *   *   ** *         *-
      -             *    ** *    * *                      -        -                *  *               *       * *    *-
      -            **     **                              -        -         *  *                                  * * -
  -.75+                                                   +    -.75+                                                   +
      -                           *                       -        -                             *                     -
      -                                                   -        -                                                   -
      -                                                   -        -                                                   -
      -                                                   -        -                                                   -
 -2.25+                                                   +   -2.25+                                                   +
      -                                                   -        -                                                   -
      -                                                   -        -                                                   -
      -                                                   -        -                                                   -
      -                                                   -        -                                                   -
 -3.75++---------+---------+----+----+---------+---------++   -3.75++---------+---------+----+----+---------+---------++
      1.0                     38.5                     76.0      3.398                    5.551                7.704    

             AUTOCORRELATION FUNCTION OF RESIDUALS                        NORMAL PROBABILITY PLOT OF STD RES 
     1++---------+---------+----************************-++    3.75++---------+---------+----+----+---------+---------++
      -                         ***********************   -        -                                                   -
      -                         **********************    -        -                                                   -
      -                         *********************     -        -                                                   -
      -                         *******************       -        -                                                   -
     6+                         *******************       +    2.25+                                                   +
      -                         ******************        -        -                                             *   * -
      -                         *****************         -        -                                   ******* *       -
      -                         ****************          -        -                                 **                -
      -                         ***************           -        -                               **                  -
    11+                         **************            +     .75+                           *****                   +
      -                         *************             -        -                     ******                        -
      -                         ************              -        -                ******                             -
      -                         **********                -        -           *****                                   -
      -                         *********                 -        -     * * **                                        -
    16+                         ********                  +    -.75+                                                   +
      -                         *******                   -        - *                                                 -
      -                         ******                    -        -                                                   -
      -                         ******                    -        -                                                   -
      -                         ******                    -        -                                                   -
    21+                         ******                    +   -2.25+                                                   +
      -                         ******                    -        -                                                   -
      -                         ******                    -        -                                                   -
      -                         ******                    -        -                                                   -
      -                         *****                     -        -                                                   -
    26++---------+---------+----****-+---------+---------++   -3.75++---------+---------+----+----+---------+---------++
    -1.00                      0.0                     1.00     -2.5                       0.0                      2.5
1
                                                                                                         STARPAC 2.08D (03/15/90)
+NONLINEAR LEAST SQUARES ESTIMATION WITH NUMERICALLY APPROXIMATED DERIVATIVES, CONTINUED



 VARIANCE-COVARIANCE AND CORRELATION MATRICES OF THE ESTIMATED (UNFIXED) PARAMETERS
 ----------------------------------------------------------------------------------

    - APPROXIMATION BASED ON ASSUMPTION THAT RESIDUALS ARE SMALL
    - COVARIANCES ARE ABOVE THE DIAGONAL
    - VARIANCES ARE ON THE DIAGONAL
    - CORRELATION COEFFICIENTS ARE BELOW THE DIAGONAL

 COLUMN         1                2                3                4
 
      1      .2799504E-02     .3135845E-03     .6018540E-03    -.1838995E-06
      2      .7668552         .5973120E-04     .2095640E-03    -.2994523E-07
      3      .2170149         .5173150         .2747400E-02    -.1144096E-06
      4     -.8008011        -.8927127        -.5029054         .1883782E-10



 ESTIMATES FROM LEAST SQUARES FIT
 ---------------------------------


                                                                     APPROXIMATE
                                                             95 PERCENT CONFIDENCE LIMITS
 INDEX  FIXED   PARAMETER        SD OF PAR       RATIO            LOWER            UPPER

   1      NO    .24211236        .52910340E-01   4.576        .13663750        .34758722    
   2      NO    .42410970        .77285963E-02   54.88        .40870302        .43951638    
   3      NO    .25257662        .52415647E-01   4.819        .14808790        .35706533    
   4      NO    .25648040E-04    .43402553E-05   5.909        .16995897E-04    .34300184E-04
   5     YES    .00000000              ---        ---               ---              ---
   6     YES    .00000000              ---        ---               ---              ---
   7     YES    .00000000              ---        ---               ---              ---
   8     YES    .00000000              ---        ---               ---              ---
   9     YES    .00000000              ---        ---               ---              ---
  10     YES    .00000000              ---        ---               ---              ---


 RESIDUAL SUM OF SQUARES                  7.859851    

 RESIDUAL STANDARD DEVIATION              .3304007    
 BASED ON DEGREES OF FREEDOM       76 -   4 =   72

 APPROXIMATE CONDITION NUMBER             30727.96    
